\BOOKMARK [0][-]{section*.1}{\376\377\000A\000b\000s\000t\000r\000a\000c\000t}{}% 1
\BOOKMARK [0][-]{chapter.7}{\376\377\000I\000n\000t\000r\000o\000d\000u\000c\000t\000i\000o\000n}{}% 2
\BOOKMARK [1][-]{section.14}{\376\377\000N\000o\000t\000a\000t\000i\000o\000n}{chapter.7}% 3
\BOOKMARK [1][-]{section.16}{\376\377\000C\000l\000a\000s\000s\000i\000c\000a\000l\000\040\000C\000o\000p\000s\000\040\000a\000n\000d\000\040\000R\000o\000b\000b\000e\000r\000s}{chapter.7}% 4
\BOOKMARK [2][-]{subsection.17}{\376\377\000H\000o\000w\000\040\000t\000o\000\040\000P\000l\000a\000y\000\040\000C\000o\000p\000s\000\040\000a\000n\000d\000\040\000R\000o\000b\000b\000e\000r\000s}{section.16}% 5
\BOOKMARK [2][-]{subsection.18}{\376\377\000D\000i\000s\000m\000a\000n\000t\000l\000i\000n\000g\000s\000,\000\040\000C\000o\000p\000-\000w\000i\000n\000\040\000T\000r\000e\000e\000s\000\040}{section.16}% 6
\BOOKMARK [2][-]{subsection.19}{\376\377\000T\000h\000e\000\040\000C\000o\000p\000-\000N\000u\000m\000b\000e\000r\000\040\000a\000n\000d\000\040\000t\000h\000e\000\040\000G\000e\000n\000u\000s\000\040\000o\000f\000\040\000t\000h\000e\000\040\000G\000r\000a\000p\000h}{section.16}% 7
\BOOKMARK [2][-]{subsection.20}{\376\377\000R\000e\000l\000a\000t\000i\000o\000n\000\040\000t\000o\000\040\000t\000h\000e\000\040\000G\000i\000r\000t\000h\000\040\000a\000n\000d\000\040\000M\000i\000n\000i\000m\000u\000m\000\040\000D\000e\000g\000r\000e\000e\000\040\000o\000f\000\040\000a\000\040\000G\000r\000a\000p\000h}{section.16}% 8
\BOOKMARK [2][-]{subsection.21}{\376\377\000C\000o\000p\000s\000\040\000a\000n\000d\000\040\000C\000o\000m\000p\000u\000t\000a\000t\000i\000o\000n\000a\000l\000\040\000G\000e\000o\000m\000e\000t\000r\000y}{section.16}% 9
\BOOKMARK [1][-]{section.22}{\376\377\000C\000o\000p\000s\000\040\000T\000u\000r\000n\000\040\000I\000n\000t\000o\000\040\000Z\000o\000m\000b\000i\000e\000s}{chapter.7}% 10
\BOOKMARK [2][-]{subsection.23}{\376\377\000D\000e\000t\000e\000r\000m\000i\000n\000i\000s\000t\000i\000c\000\040\000Z\000o\000m\000b\000i\000e\000s}{section.22}% 11
\BOOKMARK [2][-]{subsection.37}{\376\377\000P\000r\000o\000b\000a\000b\000i\000l\000i\000s\000t\000i\000c\000\040\000Z\000o\000m\000b\000i\000e\000s}{section.22}% 12
\BOOKMARK [1][-]{section.42}{\376\377\000O\000u\000r\000\040\000C\000o\000n\000t\000r\000i\000b\000u\000t\000i\000o\000n\000s}{chapter.7}% 13
\BOOKMARK [0][-]{chapter.43}{\376\377\000P\000l\000a\000n\000a\000r\000\040\000Z\000o\000m\000b\000i\000e\000s}{}% 14
\BOOKMARK [0][-]{chapter.68}{\376\377\000C\000y\000c\000l\000e\000\040\000W\000i\000t\000h\000\040\000O\000n\000e\000\040\000C\000h\000o\000r\000d}{}% 15
\BOOKMARK [1][-]{section.75}{\376\377\000C\000o\000r\000n\000e\000r\000i\000n\000g\000\040\000t\000h\000e\000\040\000S\000u\000r\000v\000i\000v\000o\000r\000\040\000o\000n\000\040\000C\000m\000+\0001}{chapter.68}% 16
\BOOKMARK [1][-]{section.94}{\376\377\000G\000u\000a\000r\000d\000i\000n\000g\000\040\000t\000h\000e\000\040\000L\000a\000r\000g\000e\000s\000t\000\040\000C\000y\000c\000l\000e\000\040\000C\000n\000+\0001}{chapter.68}% 17
\BOOKMARK [1][-]{section.99}{\376\377\000E\000x\000i\000s\000t\000e\000n\000c\000e\000\040\000o\000f\000\040\000\040\000a\000n\000d\000\040\000k\000\040\000f\000o\000r\000\040\000a\000n\000y\000\040\000m\000,\000n\000\040}{chapter.68}% 18
\BOOKMARK [1][-]{section.104}{\376\377\000P\000u\000t\000t\000i\000n\000g\000\040\000I\000t\000\040\000A\000l\000l\000\040\000T\000o\000g\000e\000t\000h\000e\000r}{chapter.68}% 19
\BOOKMARK [0][-]{chapter.106}{\376\377\000C\000o\000n\000c\000l\000u\000s\000i\000o\000n}{}% 20
\BOOKMARK [1][-]{section.107}{\376\377\000O\000p\000e\000n\000\040\000Q\000u\000e\000s\000t\000i\000o\000n\000s}{chapter.106}% 21
\BOOKMARK [0][-]{appendix.109}{\376\377\000P\000r\000o\000o\000f\000\040\000o\000f\000\040\000T\000h\000e\000o\000r\000e\000m\000\040\0005\000,\000\040\000C\000a\000s\000e\000\040\000I\000V}{}% 22
\BOOKMARK [0][-]{appendix*.110}{\376\377\000B\000i\000b\000l\000i\000o\000g\000r\000a\000p\000h\000y}{}% 23
